build/app/intermediates/manifest_merge_blame_file/release/manifest-merger-blame-release-report.txt
1<?xml version="1.0" encoding="utf-8"?>
2<manifest xmlns:android="http://schemas.android.com/apk/res/android"
3    package="com.example.salmodiamo"
4    android:versionCode="1"
5    android:versionName="0.4.0" >
6
7    <uses-sdk
8        android:minSdkVersion="16"
8-->src/main/AndroidManifest.xml
9        android:targetSdkVersion="31" />
9-->src/main/AndroidManifest.xml
10
11    <uses-permission android:name="android.permission.FOREGROUND_SERVICE" />
11-->[:assets_audio_player] AndroidManifest.xml:7:5-77
11-->[:assets_audio_player] AndroidManifest.xml:7:22-74
12    <uses-permission android:name="android.permission.VIBRATE" />
12-->[:assets_audio_player] AndroidManifest.xml:8:5-66
12-->[:assets_audio_player] AndroidManifest.xml:8:22-63
13    <uses-permission android:name="android.permission.WAKE_LOCK" />
13-->[:assets_audio_player] AndroidManifest.xml:9:5-68
13-->[:assets_audio_player] AndroidManifest.xml:9:22-65
14    <uses-permission android:name="android.permission.ACCESS_NETWORK_STATE" />
14-->[com.google.android.exoplayer:exoplayer-core:2.14.1] AndroidManifest.xml:24:5-79
14-->[com.google.android.exoplayer:exoplayer-core:2.14.1] AndroidManifest.xml:24:22-76
15
16    <application
17        android:name="android.app.Application"
17-->src/main/AndroidManifest.xml:6:9-42
18        android:appComponentFactory="androidx.core.app.CoreComponentFactory"
18-->[androidx.core:core:1.6.0] AndroidManifest.xml:24:18-86
19        android:icon="@mipmap/ic_launcher"
19-->src/main/AndroidManifest.xml:7:9-43
20        android:label="salmodiamo" >
20-->src/main/AndroidManifest.xml:5:9-35
21        <activity
21-->src/main/AndroidManifest.xml:8:9-29:20
22            android:name="com.example.salmodiamo.MainActivity"
22-->src/main/AndroidManifest.xml:11:13-41
23            android:configChanges="orientation|keyboardHidden|keyboard|screenSize|smallestScreenSize|locale|layoutDirection|fontScale|screenLayout|density|uiMode"
23-->src/main/AndroidManifest.xml:14:13-163
24            android:exported="true"
24-->src/main/AndroidManifest.xml:9:13-36
25            android:hardwareAccelerated="true"
25-->src/main/AndroidManifest.xml:15:13-47
26            android:launchMode="singleTop"
26-->src/main/AndroidManifest.xml:12:13-43
27            android:theme="@style/LaunchTheme"
27-->src/main/AndroidManifest.xml:13:13-47
28            android:windowSoftInputMode="adjustResize" >
28-->src/main/AndroidManifest.xml:16:13-55
29
30            <!--
31                 Specifies an Android theme to apply to this Activity as soon as
32                 the Android process has started. This theme is visible to the user
33                 while the Flutter UI initializes. After that, this theme continues
34                 to determine the Window background behind the Flutter UI.
35            -->
36            <meta-data
36-->src/main/AndroidManifest.xml:21:13-24:17
37                android:name="io.flutter.embedding.android.NormalTheme"
37-->src/main/AndroidManifest.xml:22:15-70
38                android:resource="@style/NormalTheme" />
38-->src/main/AndroidManifest.xml:23:15-52
39
40            <intent-filter>
40-->src/main/AndroidManifest.xml:25:13-28:29
41                <action android:name="android.intent.action.MAIN" />
41-->src/main/AndroidManifest.xml:26:17-68
41-->src/main/AndroidManifest.xml:26:25-66
42
43                <category android:name="android.intent.category.LAUNCHER" />
43-->src/main/AndroidManifest.xml:27:17-76
43-->src/main/AndroidManifest.xml:27:27-74
44            </intent-filter>
45        </activity>
46        <!--
47             Don't delete the meta-data below.
48             This is used by the Flutter tool to generate GeneratedPluginRegistrant.java
49        -->
50        <meta-data
50-->src/main/AndroidManifest.xml:32:9-34:33
51            android:name="flutterEmbedding"
51-->src/main/AndroidManifest.xml:33:13-44
52            android:value="2" />
52-->src/main/AndroidManifest.xml:34:13-30
53
54        <receiver
54-->[:assets_audio_player] AndroidManifest.xml:12:9-14:39
55            android:name="com.github.florent37.assets_audio_player.notification.NotificationActionReceiver"
55-->[:assets_audio_player] AndroidManifest.xml:13:13-108
56            android:exported="true" />
56-->[:assets_audio_player] AndroidManifest.xml:14:13-36
57        <receiver
57-->[:assets_audio_player] AndroidManifest.xml:15:9-21:20
58            android:name="com.github.florent37.assets_audio_player.notification.CustomMediaButtonReceiver"
58-->[:assets_audio_player] AndroidManifest.xml:16:13-107
59            android:exported="true" >
59-->[:assets_audio_player] AndroidManifest.xml:17:13-36
60            <intent-filter>
60-->[:assets_audio_player] AndroidManifest.xml:18:13-20:29
61                <action android:name="android.intent.action.MEDIA_BUTTON" />
61-->[:assets_audio_player] AndroidManifest.xml:19:17-77
61-->[:assets_audio_player] AndroidManifest.xml:19:25-74
62            </intent-filter>
63        </receiver>
64
65        <service
65-->[:assets_audio_player] AndroidManifest.xml:23:9-33:19
66            android:name="com.github.florent37.assets_audio_player.notification.NotificationService"
66-->[:assets_audio_player] AndroidManifest.xml:24:13-101
67            android:enabled="true"
67-->[:assets_audio_player] AndroidManifest.xml:25:13-35
68            android:exported="true" >
68-->[:assets_audio_player] AndroidManifest.xml:26:13-36
69
70            <!--
71            <intent-filter>
72                <action android:name="android.intent.action.MEDIA_BUTTON" />
73            </intent-filter>
74            -->
75        </service>
76
77        <uses-library
77-->[androidx.window:window:1.0.0-beta04] AndroidManifest.xml:25:9-27:40
78            android:name="androidx.window.extensions"
78-->[androidx.window:window:1.0.0-beta04] AndroidManifest.xml:26:13-54
79            android:required="false" />
79-->[androidx.window:window:1.0.0-beta04] AndroidManifest.xml:27:13-37
80        <uses-library
80-->[androidx.window:window:1.0.0-beta04] AndroidManifest.xml:28:9-30:40
81            android:name="androidx.window.sidecar"
81-->[androidx.window:window:1.0.0-beta04] AndroidManifest.xml:29:13-51
82            android:required="false" />
82-->[androidx.window:window:1.0.0-beta04] AndroidManifest.xml:30:13-37
83    </application>
84
85</manifest>